<?xml version="1.0" encoding="UTF-8"?>
<!-- Generated by org.testng.reporters.JUnitXMLReporter -->
<testsuite ignored="0" hostname="DESKTOP-9B2JCSO" failures="0" tests="4" name="Default test" time="27.347" errors="0" timestamp="2022-12-27T10:39:23 IST">
  <testcase classname="org.testng.SampleTest" name="tc1" time="0.325"/>
  <testcase classname="org.testng.SampleTest" name="tc2" time="0.353"/>
  <testcase classname="org.testng.SampleTest" name="tc3" time="0.355"/>
  <testcase classname="org.testng.SampleTest" name="tc4" time="0.679"/>
</testsuite> <!-- Default test -->
