<?xml version="1.0" encoding="UTF-8"?>
<!-- Generated by org.testng.reporters.JUnitXMLReporter -->
<testsuite ignored="1" hostname="DESKTOP-9B2JCSO" failures="0" tests="3" name="Test" time="12.566" errors="0" timestamp="2022-12-27T15:21:00 IST">
  <testcase classname="org.testng.SampleTest" name="tc1" time="6.116"/>
  <testcase classname="org.testng.SampleTest" name="tc2" time="3.337"/>
  <testcase classname="org.testng.SampleTest" name="tc3" time="2.99"/>
  <testcase classname="org.testng.SampleTest" name="tc4" time="0.0">
    <ignored/>
  </testcase> <!-- tc4 -->
</testsuite> <!-- Test -->
