<?xml version="1.0" encoding="UTF-8"?>
<testng-results ignored="1" total="4" passed="3" failed="0" skipped="0">
  <reporter-output>
  </reporter-output>
  <suite started-at="2022-12-27T15:20:47 IST" name="Suite" finished-at="2022-12-27T15:21:00 IST" duration-ms="12566">
    <groups>
      <group name="Sanity">
        <method signature="SampleTest.tc2()[pri:0, instance:org.testng.SampleTest@5f049ea1]" name="tc2" class="org.testng.SampleTest"/>
      </group> <!-- Sanity -->
      <group name="Smoke">
        <method signature="SampleTest.tc1()[pri:0, instance:org.testng.SampleTest@5f049ea1]" name="tc1" class="org.testng.SampleTest"/>
        <method signature="SampleTest.tc3()[pri:0, instance:org.testng.SampleTest@5f049ea1]" name="tc3" class="org.testng.SampleTest"/>
      </group> <!-- Smoke -->
    </groups>
    <test started-at="2022-12-27T15:20:47 IST" name="Test" finished-at="2022-12-27T15:21:00 IST" duration-ms="12566">
      <class name="org.testng.SampleTest">
        <test-method signature="tc1()[pri:0, instance:org.testng.SampleTest@5f049ea1]" started-at="2022-12-27T15:20:48 IST" name="tc1" finished-at="2022-12-27T15:20:54 IST" duration-ms="6116" status="PASS">
          <reporter-output>
          </reporter-output>
        </test-method> <!-- tc1 -->
        <test-method signature="tc2()[pri:0, instance:org.testng.SampleTest@5f049ea1]" started-at="2022-12-27T15:20:54 IST" name="tc2" finished-at="2022-12-27T15:20:57 IST" duration-ms="3337" status="PASS">
          <reporter-output>
          </reporter-output>
        </test-method> <!-- tc2 -->
        <test-method signature="tc3()[pri:0, instance:org.testng.SampleTest@5f049ea1]" started-at="2022-12-27T15:20:57 IST" name="tc3" finished-at="2022-12-27T15:21:00 IST" duration-ms="2990" status="PASS">
          <reporter-output>
          </reporter-output>
        </test-method> <!-- tc3 -->
      </class> <!-- org.testng.SampleTest -->
    </test> <!-- Test -->
  </suite> <!-- Suite -->
</testng-results>
